16:59:41.098 [main] INFO  TestCases.MainNavigationTest - AboutUs Navigation verified successfully....
16:59:42.404 [main] INFO  TestCases.MainNavigationTest - Browser Closed Sucessfully....
16:59:46.128 [main] INFO  TestCases.SearchFunctionalityTest - Browser Launch Successfully.....
16:59:46.282 [main] INFO  TestCases.SearchFunctionalityTest - Search Functionality verified successfully....
16:59:47.630 [main] INFO  TestCases.SearchFunctionalityTest - Search Functionality verified successfully....
16:59:48.933 [main] INFO  TestCases.SearchFunctionalityTest - Suggestion Functionality verified successfully....
16:59:50.242 [main] INFO  TestCases.SearchFunctionalityTest - Browser Closed Sucessfully....
14:44:40.943 [main] INFO  TestCases.HomepageTest - Browser Launch Successfully.....
14:44:42.574 [main] INFO  TestCases.HomepageTest - HomePage verified successfully....
14:44:43.004 [main] INFO  TestCases.HomepageTest - Title verified successfully....
14:44:43.564 [main] INFO  TestCases.HomepageTest - Browser Closed Sucessfully....
14:44:48.873 [main] INFO  TestCases.MainNavigationTest - Browser Launch Successfully.....
14:44:50.125 [main] INFO  TestCases.MainNavigationTest - Home Navigation verified successfully....
14:44:51.509 [main] INFO  TestCases.MainNavigationTest - Shop Navigation verified successfully....
14:44:54.153 [main] INFO  TestCases.MainNavigationTest - ContactUs Navigation verified successfully....
14:44:55.396 [main] INFO  TestCases.MainNavigationTest - AboutUs Navigation verified successfully....
14:44:56.784 [main] INFO  TestCases.MainNavigationTest - Browser Closed Sucessfully....
14:44:59.841 [main] INFO  TestCases.SearchFunctionalityTest - Browser Launch Successfully.....
14:45:00.039 [main] INFO  TestCases.SearchFunctionalityTest - Search Functionality verified successfully....
14:45:01.452 [main] INFO  TestCases.SearchFunctionalityTest - Search Functionality verified successfully....
14:45:02.783 [main] INFO  TestCases.SearchFunctionalityTest - Suggestion Functionality verified successfully....
14:45:04.209 [main] INFO  TestCases.SearchFunctionalityTest - Browser Closed Sucessfully....
11:28:03.865 [main] INFO  TestCases.HomepageTest - Browser Launch Successfully.....
11:28:05.529 [main] INFO  TestCases.HomepageTest - HomePage verified successfully....
11:28:06.151 [main] INFO  TestCases.HomepageTest - Title verified successfully....
11:28:06.855 [main] INFO  TestCases.HomepageTest - Browser Closed Sucessfully....
11:28:10.182 [main] INFO  TestCases.MainNavigationTest - Browser Launch Successfully.....
11:28:11.763 [main] INFO  TestCases.MainNavigationTest - Home Navigation verified successfully....
11:28:13.397 [main] INFO  TestCases.MainNavigationTest - Shop Navigation verified successfully....
11:28:16.347 [main] INFO  TestCases.MainNavigationTest - ContactUs Navigation verified successfully....
11:28:17.741 [main] INFO  TestCases.MainNavigationTest - AboutUs Navigation verified successfully....
11:28:19.150 [main] INFO  TestCases.MainNavigationTest - Browser Closed Sucessfully....
11:28:23.694 [main] INFO  TestCases.SearchFunctionalityTest - Browser Launch Successfully.....
11:28:24.192 [main] INFO  TestCases.SearchFunctionalityTest - Search Functionality verified successfully....
11:28:25.710 [main] INFO  TestCases.SearchFunctionalityTest - Search Functionality verified successfully....
11:28:27.182 [main] INFO  TestCases.SearchFunctionalityTest - Suggestion Functionality verified successfully....
11:28:28.647 [main] INFO  TestCases.SearchFunctionalityTest - Browser Closed Sucessfully....
11:31:05.764 [main] INFO  TestCases.HomepageTest - Browser Launch Successfully.....
11:31:07.659 [main] INFO  TestCases.HomepageTest - HomePage verified successfully....
11:31:08.169 [main] INFO  TestCases.HomepageTest - Title verified successfully....
11:31:08.811 [main] INFO  TestCases.HomepageTest - Browser Closed Sucessfully....
11:31:12.124 [main] INFO  TestCases.MainNavigationTest - Browser Launch Successfully.....
11:31:13.715 [main] INFO  TestCases.MainNavigationTest - Home Navigation verified successfully....
11:31:15.275 [main] INFO  TestCases.MainNavigationTest - Shop Navigation verified successfully....
11:31:18.083 [main] INFO  TestCases.MainNavigationTest - ContactUs Navigation verified successfully....
11:31:19.487 [main] INFO  TestCases.MainNavigationTest - AboutUs Navigation verified successfully....
11:31:20.907 [main] INFO  TestCases.MainNavigationTest - Browser Closed Sucessfully....
11:31:24.298 [main] INFO  TestCases.SearchFunctionalityTest - Browser Launch Successfully.....
11:31:24.519 [main] INFO  TestCases.SearchFunctionalityTest - Search Functionality verified successfully....
11:31:26.037 [main] INFO  TestCases.SearchFunctionalityTest - Search Functionality verified successfully....
11:31:27.525 [main] INFO  TestCases.SearchFunctionalityTest - Suggestion Functionality verified successfully....
11:31:29.113 [main] INFO  TestCases.SearchFunctionalityTest - Browser Closed Sucessfully....
