11:32:33.029 [main] INFO  TestCases.HomepageTest - Browser Launch Successfully.....
11:32:34.664 [main] INFO  TestCases.HomepageTest - HomePage verified successfully....
11:32:35.422 [main] INFO  TestCases.HomepageTest - Title verified successfully....
11:32:36.093 [main] INFO  TestCases.HomepageTest - Browser Closed Sucessfully....
11:32:39.801 [main] INFO  TestCases.MainNavigationTest - Browser Launch Successfully.....
11:32:41.579 [main] INFO  TestCases.MainNavigationTest - Home Navigation verified successfully....
11:32:43.088 [main] INFO  TestCases.MainNavigationTest - Shop Navigation verified successfully....
11:32:46.053 [main] INFO  TestCases.MainNavigationTest - ContactUs Navigation verified successfully....
11:32:47.447 [main] INFO  TestCases.MainNavigationTest - AboutUs Navigation verified successfully....
11:32:48.897 [main] INFO  TestCases.MainNavigationTest - Browser Closed Sucessfully....
11:32:52.493 [main] INFO  TestCases.SearchFunctionalityTest - Browser Launch Successfully.....
11:32:52.782 [main] INFO  TestCases.SearchFunctionalityTest - Search Functionality verified successfully....
11:32:54.355 [main] INFO  TestCases.SearchFunctionalityTest - Search Functionality verified successfully....
11:32:55.832 [main] INFO  TestCases.SearchFunctionalityTest - Suggestion Functionality verified successfully....
11:32:57.355 [main] INFO  TestCases.SearchFunctionalityTest - Browser Closed Sucessfully....
11:33:00.628 [main] INFO  TestCases.ReadAddress - Browser Launch Successfully.....
11:33:01.704 [main] INFO  TestCases.ReadAddress - Browser Closed Sucessfully....
11:36:41.530 [main] INFO  TestCases.HomepageTest - Browser Launch Successfully.....
11:36:43.429 [main] INFO  TestCases.HomepageTest - HomePage verified successfully....
11:36:43.882 [main] INFO  TestCases.HomepageTest - Title verified successfully....
11:36:44.477 [main] INFO  TestCases.HomepageTest - Browser Closed Sucessfully....
11:36:47.994 [main] INFO  TestCases.MainNavigationTest - Browser Launch Successfully.....
11:36:49.364 [main] INFO  TestCases.MainNavigationTest - Home Navigation verified successfully....
11:36:50.878 [main] INFO  TestCases.MainNavigationTest - Shop Navigation verified successfully....
11:36:53.790 [main] INFO  TestCases.MainNavigationTest - ContactUs Navigation verified successfully....
11:36:55.186 [main] INFO  TestCases.MainNavigationTest - AboutUs Navigation verified successfully....
11:36:56.629 [main] INFO  TestCases.MainNavigationTest - Browser Closed Sucessfully....
11:36:59.731 [main] INFO  TestCases.SearchFunctionalityTest - Browser Launch Successfully.....
11:36:59.952 [main] INFO  TestCases.SearchFunctionalityTest - Search Functionality verified successfully....
11:37:01.467 [main] INFO  TestCases.SearchFunctionalityTest - Search Functionality verified successfully....
11:37:02.963 [main] INFO  TestCases.SearchFunctionalityTest - Suggestion Functionality verified successfully....
11:37:04.522 [main] INFO  TestCases.SearchFunctionalityTest - Browser Closed Sucessfully....
11:37:07.792 [main] INFO  TestCases.ReadAddress - Browser Launch Successfully.....
11:37:10.179 [main] INFO  TestCases.ReadAddress - Browser Closed Sucessfully....
