16:39:37.906 [main] INFO  TestCases.HomepageTest - Browser Launch Successfully.....
16:39:39.284 [main] INFO  TestCases.HomepageTest - HomePage verified successfully....
16:39:39.575 [main] INFO  TestCases.HomepageTest - Title verified successfully....
16:39:40.001 [main] INFO  TestCases.HomepageTest - Browser Closed Sucessfully....
16:39:44.591 [main] INFO  TestCases.MainNavigationTest - Browser Launch Successfully.....
16:39:46.053 [main] INFO  TestCases.MainNavigationTest - Home Navigation verified successfully....
16:39:47.372 [main] INFO  TestCases.MainNavigationTest - Shop Navigation verified successfully....
16:39:49.780 [main] INFO  TestCases.MainNavigationTest - ContactUs Navigation verified successfully....
16:39:51.002 [main] INFO  TestCases.MainNavigationTest - AboutUs Navigation verified successfully....
16:39:52.265 [main] INFO  TestCases.MainNavigationTest - Browser Closed Sucessfully....
16:39:56.341 [main] INFO  TestCases.SearchFunctionalityTest - Browser Launch Successfully.....
16:39:56.420 [main] INFO  TestCases.SearchFunctionalityTest - Search Functionality verified successfully....
16:39:57.744 [main] INFO  TestCases.SearchFunctionalityTest - Search Functionality verified successfully....
16:39:59.056 [main] INFO  TestCases.SearchFunctionalityTest - Suggestion Functionality verified successfully....
16:40:00.402 [main] INFO  TestCases.SearchFunctionalityTest - Browser Closed Sucessfully....
16:42:07.979 [main] INFO  TestCases.HomepageTest - Browser Launch Successfully.....
16:42:09.031 [main] INFO  TestCases.HomepageTest - HomePage verified successfully....
16:42:09.366 [main] INFO  TestCases.HomepageTest - Title verified successfully....
16:42:09.766 [main] INFO  TestCases.HomepageTest - Browser Closed Sucessfully....
16:42:14.088 [main] INFO  TestCases.MainNavigationTest - Browser Launch Successfully.....
16:42:15.232 [main] INFO  TestCases.MainNavigationTest - Home Navigation verified successfully....
16:42:16.593 [main] INFO  TestCases.MainNavigationTest - Shop Navigation verified successfully....
16:42:19.171 [main] INFO  TestCases.MainNavigationTest - ContactUs Navigation verified successfully....
16:42:20.403 [main] INFO  TestCases.MainNavigationTest - AboutUs Navigation verified successfully....
16:42:22.683 [main] INFO  TestCases.MainNavigationTest - Browser Closed Sucessfully....
16:42:26.590 [main] INFO  TestCases.SearchFunctionalityTest - Browser Launch Successfully.....
16:42:26.708 [main] INFO  TestCases.SearchFunctionalityTest - Search Functionality verified successfully....
16:42:28.032 [main] INFO  TestCases.SearchFunctionalityTest - Search Functionality verified successfully....
16:42:29.338 [main] INFO  TestCases.SearchFunctionalityTest - Suggestion Functionality verified successfully....
16:42:30.726 [main] INFO  TestCases.SearchFunctionalityTest - Browser Closed Sucessfully....
16:44:27.836 [main] INFO  TestCases.HomepageTest - Browser Launch Successfully.....
16:44:28.901 [main] INFO  TestCases.HomepageTest - HomePage verified successfully....
16:44:29.258 [main] INFO  TestCases.HomepageTest - Title verified successfully....
16:44:29.623 [main] INFO  TestCases.HomepageTest - Browser Closed Sucessfully....
16:44:33.546 [main] INFO  TestCases.MainNavigationTest - Browser Launch Successfully.....
16:44:34.733 [main] INFO  TestCases.MainNavigationTest - Home Navigation verified successfully....
16:44:36.056 [main] INFO  TestCases.MainNavigationTest - Shop Navigation verified successfully....
16:44:38.616 [main] INFO  TestCases.MainNavigationTest - ContactUs Navigation verified successfully....
16:44:39.865 [main] INFO  TestCases.MainNavigationTest - AboutUs Navigation verified successfully....
16:44:41.193 [main] INFO  TestCases.MainNavigationTest - Browser Closed Sucessfully....
16:44:45.230 [main] INFO  TestCases.SearchFunctionalityTest - Browser Launch Successfully.....
16:44:45.388 [main] INFO  TestCases.SearchFunctionalityTest - Search Functionality verified successfully....
16:44:46.726 [main] INFO  TestCases.SearchFunctionalityTest - Search Functionality verified successfully....
16:44:48.011 [main] INFO  TestCases.SearchFunctionalityTest - Suggestion Functionality verified successfully....
16:44:49.460 [main] INFO  TestCases.SearchFunctionalityTest - Browser Closed Sucessfully....
16:59:27.714 [main] INFO  TestCases.HomepageTest - Browser Launch Successfully.....
16:59:28.943 [main] INFO  TestCases.HomepageTest - HomePage verified successfully....
16:59:29.248 [main] INFO  TestCases.HomepageTest - Title verified successfully....
16:59:29.637 [main] INFO  TestCases.HomepageTest - Browser Closed Sucessfully....
16:59:33.924 [main] INFO  TestCases.MainNavigationTest - Browser Launch Successfully.....
16:59:35.199 [main] INFO  TestCases.MainNavigationTest - Home Navigation verified successfully....
16:59:36.519 [main] INFO  TestCases.MainNavigationTest - Shop Navigation verified successfully....
16:59:39.868 [main] INFO  TestCases.MainNavigationTest - ContactUs Navigation verified successfully....
